<?xml version="1.0" encoding="UTF-8"?>
<!-- Generated by org.testng.reporters.JUnitXMLReporter -->
<testsuite ignored="0" hostname="LAPTOP-G2SCCRL1" failures="0" tests="13" name="Default test" time="21.846" errors="0" timestamp="2022-11-06T03:31:06 GMT-05:00">
  <testcase classname="NewLine_Tests" name="tC_001_INVALID" time="2.122"/>
  <testcase classname="NewLine_Tests" name="tC_001_VALID" time="1.165"/>
  <testcase classname="NewLine_Tests" name="tC_002_INVALID" time="1.196"/>
  <testcase classname="NewLine_Tests" name="tC_002_VALID" time="1.716"/>
  <testcase classname="NewLine_Tests" name="tC_003_INVALID" time="1.027"/>
  <testcase classname="NewLine_Tests" name="tC_003_VALID" time="0.941"/>
  <testcase classname="NewLine_Tests" name="tC_004_INVALID" time="1.222"/>
  <testcase classname="NewLine_Tests" name="tC_004_VALID" time="1.828"/>
  <testcase classname="NewLine_Tests" name="tC_005_INVALID" time="0.611"/>
  <testcase classname="NewLine_Tests" name="tC_005_VALID" time="1.681"/>
  <testcase classname="NewLine_Tests" name="tC_006_INVALID" time="1.021"/>
  <testcase classname="NewLine_Tests" name="tC_006_VALID" time="1.52"/>
  <testcase classname="NewLine_Tests" name="tC_007_INVALID" time="1.614"/>
</testsuite> <!-- Default test -->
