<?xml version="1.0" encoding="UTF-8"?>
<!-- Generated by org.testng.reporters.JUnitXMLReporter -->
<testsuite ignored="0" hostname="LAPTOP-G2SCCRL1" failures="0" tests="13" name="Default test" time="15.938" errors="0" timestamp="2022-11-27T04:25:11 GMT-05:00">
  <testcase classname="NewLine_Tests" name="tC_001_INVALID" time="1.553"/>
  <testcase classname="NewLine_Tests" name="tC_001_VALID" time="0.928"/>
  <testcase classname="NewLine_Tests" name="tC_002_INVALID" time="0.837"/>
  <testcase classname="NewLine_Tests" name="tC_002_VALID" time="1.127"/>
  <testcase classname="NewLine_Tests" name="tC_003_INVALID" time="0.859"/>
  <testcase classname="NewLine_Tests" name="tC_003_VALID" time="0.736"/>
  <testcase classname="NewLine_Tests" name="tC_004_INVALID" time="0.869"/>
  <testcase classname="NewLine_Tests" name="tC_004_VALID" time="1.338"/>
  <testcase classname="NewLine_Tests" name="tC_005_INVALID" time="0.339"/>
  <testcase classname="NewLine_Tests" name="tC_005_VALID" time="1.087"/>
  <testcase classname="NewLine_Tests" name="tC_006_INVALID" time="0.979"/>
  <testcase classname="NewLine_Tests" name="tC_006_VALID" time="0.877"/>
  <testcase classname="NewLine_Tests" name="tC_007_INVALID" time="1.339"/>
</testsuite> <!-- Default test -->
