<?xml version="1.0" encoding="UTF-8"?>
<testng-results ignored="0" total="13" passed="13" failed="0" skipped="0">
  <reporter-output>
  </reporter-output>
  <suite started-at="2022-11-27T04:24:55 GMT-05:00" name="Default suite" finished-at="2022-11-27T04:25:11 GMT-05:00" duration-ms="15938">
    <groups>
    </groups>
    <test started-at="2022-11-27T04:24:55 GMT-05:00" name="Default test" finished-at="2022-11-27T04:25:11 GMT-05:00" duration-ms="15938">
      <class name="NewLine_Tests">
        <test-method is-config="true" signature="setUp()[pri:0, instance:NewLine_Tests@10163d6]" started-at="2022-11-27T04:24:55 GMT-05:00" name="setUp" finished-at="2022-11-27T04:24:58 GMT-05:00" duration-ms="2788" status="PASS">
          <reporter-output>
          </reporter-output>
        </test-method> <!-- setUp -->
        <test-method signature="tC_001_INVALID()[pri:0, instance:NewLine_Tests@10163d6]" started-at="2022-11-27T04:24:58 GMT-05:00" name="tC_001_INVALID" finished-at="2022-11-27T04:24:59 GMT-05:00" duration-ms="1553" status="PASS">
          <reporter-output>
          </reporter-output>
        </test-method> <!-- tC_001_INVALID -->
        <test-method signature="tC_001_VALID()[pri:0, instance:NewLine_Tests@10163d6]" started-at="2022-11-27T04:24:59 GMT-05:00" name="tC_001_VALID" finished-at="2022-11-27T04:25:00 GMT-05:00" duration-ms="928" status="PASS">
          <reporter-output>
          </reporter-output>
        </test-method> <!-- tC_001_VALID -->
        <test-method signature="tC_002_INVALID()[pri:0, instance:NewLine_Tests@10163d6]" started-at="2022-11-27T04:25:00 GMT-05:00" name="tC_002_INVALID" finished-at="2022-11-27T04:25:01 GMT-05:00" duration-ms="837" status="PASS">
          <reporter-output>
          </reporter-output>
        </test-method> <!-- tC_002_INVALID -->
        <test-method signature="tC_002_VALID()[pri:0, instance:NewLine_Tests@10163d6]" started-at="2022-11-27T04:25:01 GMT-05:00" name="tC_002_VALID" finished-at="2022-11-27T04:25:02 GMT-05:00" duration-ms="1127" status="PASS">
          <reporter-output>
          </reporter-output>
        </test-method> <!-- tC_002_VALID -->
        <test-method signature="tC_003_INVALID()[pri:0, instance:NewLine_Tests@10163d6]" started-at="2022-11-27T04:25:02 GMT-05:00" name="tC_003_INVALID" finished-at="2022-11-27T04:25:03 GMT-05:00" duration-ms="859" status="PASS">
          <reporter-output>
          </reporter-output>
        </test-method> <!-- tC_003_INVALID -->
        <test-method signature="tC_003_VALID()[pri:0, instance:NewLine_Tests@10163d6]" started-at="2022-11-27T04:25:03 GMT-05:00" name="tC_003_VALID" finished-at="2022-11-27T04:25:04 GMT-05:00" duration-ms="736" status="PASS">
          <reporter-output>
          </reporter-output>
        </test-method> <!-- tC_003_VALID -->
        <test-method signature="tC_004_INVALID()[pri:0, instance:NewLine_Tests@10163d6]" started-at="2022-11-27T04:25:04 GMT-05:00" name="tC_004_INVALID" finished-at="2022-11-27T04:25:05 GMT-05:00" duration-ms="869" status="PASS">
          <reporter-output>
          </reporter-output>
        </test-method> <!-- tC_004_INVALID -->
        <test-method signature="tC_004_VALID()[pri:0, instance:NewLine_Tests@10163d6]" started-at="2022-11-27T04:25:05 GMT-05:00" name="tC_004_VALID" finished-at="2022-11-27T04:25:06 GMT-05:00" duration-ms="1338" status="PASS">
          <reporter-output>
          </reporter-output>
        </test-method> <!-- tC_004_VALID -->
        <test-method signature="tC_005_INVALID()[pri:0, instance:NewLine_Tests@10163d6]" started-at="2022-11-27T04:25:06 GMT-05:00" name="tC_005_INVALID" finished-at="2022-11-27T04:25:06 GMT-05:00" duration-ms="339" status="PASS">
          <reporter-output>
          </reporter-output>
        </test-method> <!-- tC_005_INVALID -->
        <test-method signature="tC_005_VALID()[pri:0, instance:NewLine_Tests@10163d6]" started-at="2022-11-27T04:25:06 GMT-05:00" name="tC_005_VALID" finished-at="2022-11-27T04:25:07 GMT-05:00" duration-ms="1087" status="PASS">
          <reporter-output>
          </reporter-output>
        </test-method> <!-- tC_005_VALID -->
        <test-method signature="tC_006_INVALID()[pri:0, instance:NewLine_Tests@10163d6]" started-at="2022-11-27T04:25:07 GMT-05:00" name="tC_006_INVALID" finished-at="2022-11-27T04:25:08 GMT-05:00" duration-ms="979" status="PASS">
          <reporter-output>
          </reporter-output>
        </test-method> <!-- tC_006_INVALID -->
        <test-method signature="tC_006_VALID()[pri:0, instance:NewLine_Tests@10163d6]" started-at="2022-11-27T04:25:08 GMT-05:00" name="tC_006_VALID" finished-at="2022-11-27T04:25:09 GMT-05:00" duration-ms="877" status="PASS">
          <reporter-output>
          </reporter-output>
        </test-method> <!-- tC_006_VALID -->
        <test-method signature="tC_007_INVALID()[pri:0, instance:NewLine_Tests@10163d6]" started-at="2022-11-27T04:25:09 GMT-05:00" name="tC_007_INVALID" finished-at="2022-11-27T04:25:11 GMT-05:00" duration-ms="1339" status="PASS">
          <reporter-output>
          </reporter-output>
        </test-method> <!-- tC_007_INVALID -->
        <test-method is-config="true" signature="tearDown()[pri:0, instance:NewLine_Tests@10163d6]" started-at="2022-11-27T04:25:11 GMT-05:00" name="tearDown" finished-at="2022-11-27T04:25:11 GMT-05:00" duration-ms="204" status="PASS">
          <reporter-output>
          </reporter-output>
        </test-method> <!-- tearDown -->
      </class> <!-- NewLine_Tests -->
    </test> <!-- Default test -->
  </suite> <!-- Default suite -->
</testng-results>
